2025-06-08 11:33:56,003 - INFO - Paper trading mode activated
2025-06-08 11:33:56,003 - INFO - Starting trading bot
2025-06-08 11:33:56,004 - INFO - Sleeping for 8769.0 seconds until next candle
2025-06-08 12:04:28,746 - INFO - Bot stopped by user
2025-06-08 12:04:32,367 - INFO - Paper trading mode activated
2025-06-08 12:04:32,368 - INFO - Starting trading bot
2025-06-08 12:04:32,368 - INFO - Sleeping for 32.6 seconds until next candle
2025-06-08 12:05:05,000 - INFO - Fetching new data
2025-06-08 12:05:10,394 - ERROR - Error in main loop: module 'pandas_ta' has no attribute 'RSI'
2025-06-08 12:05:34,919 - INFO - Paper trading mode activated
2025-06-08 12:05:34,919 - INFO - Starting trading bot
2025-06-08 12:05:34,919 - INFO - Sleeping for 30.1 seconds until next candle
2025-06-08 12:06:05,000 - INFO - Fetching new data
2025-06-08 12:06:09,871 - ERROR - Error in main loop: module 'pandas_ta' has no attribute 'RSI'
2025-06-08 12:06:22,415 - INFO - Paper trading mode activated
2025-06-08 12:06:22,415 - INFO - Starting trading bot
2025-06-08 12:06:22,415 - INFO - Sleeping for 42.6 seconds until next candle
2025-06-08 12:07:05,000 - INFO - Fetching new data
2025-06-08 12:07:11,881 - ERROR - Error in main loop: need to call fit or load_model beforehand
2025-06-08 12:08:11,882 - INFO - Sleeping for 53.1 seconds until next candle
2025-06-08 12:09:05,000 - INFO - Fetching new data
2025-06-08 12:09:15,013 - ERROR - Fetch failed (attempt 1/3): binance GET https://api.binance.com/api/v3/klines?interval=1m&limit=500&symbol=BTCUSDT
2025-06-08 12:09:17,016 - ERROR - Fetch failed (attempt 2/3): binance GET https://api.binance.com/api/v3/klines?interval=1m&limit=500&symbol=BTCUSDT
2025-06-08 12:09:19,019 - ERROR - Fetch failed (attempt 3/3): binance GET https://api.binance.com/api/v3/klines?interval=1m&limit=500&symbol=BTCUSDT
2025-06-08 12:09:21,019 - ERROR - Error in main loop: Failed to fetch data after 3 attempts
2025-06-08 12:14:29,944 - INFO - Paper trading mode activated
2025-06-08 12:14:38,022 - INFO - Regime model trained and saved.
2025-06-08 12:14:38,022 - INFO - Starting trading bot
2025-06-08 12:14:38,022 - INFO - Sleeping for 27.0 seconds until next candle
2025-06-08 12:15:05,000 - INFO - Fetching new data
2025-06-08 12:15:05,614 - INFO - Signal: HOLD - Trending - skip
2025-06-08 12:15:05,615 - INFO - Sleeping for 59.4 seconds until next candle
2025-06-08 12:16:02,535 - INFO - Bot stopped by user
2025-06-08 12:16:06,749 - INFO - Paper trading mode activated
2025-06-08 12:16:06,749 - INFO - Training regime detection model...
2025-06-08 12:16:13,936 - INFO - Regime model trained and saved.
2025-06-08 12:16:13,937 - INFO - Retraining regime detection model at start...
2025-06-08 12:16:14,603 - INFO - Regime model trained and saved.
2025-06-08 12:16:14,604 - INFO - Starting trading bot
2025-06-08 12:18:38,242 - INFO - Paper trading mode activated
2025-06-08 12:18:38,242 - INFO - Training regime detection model...
2025-06-08 12:18:45,351 - INFO - Regime model trained and saved.
2025-06-08 12:19:01,678 - INFO - Signal hold: Trending - skip
2025-06-08 12:20:01,613 - INFO - Signal hold: Trending - skip
2025-06-08 12:21:01,794 - INFO - Signal hold: Trending - skip
2025-06-08 12:21:08,421 - INFO - Paper trading mode activated
2025-06-08 12:21:08,421 - INFO - Training regime detection model...
2025-06-08 12:21:13,550 - INFO - Regime model trained and saved.
2025-06-08 12:22:01,643 - INFO - Signal hold: Trending - skip
2025-06-08 12:23:01,716 - INFO - Signal hold: Trending - skip
2025-06-08 12:24:01,696 - INFO - Signal hold: Trending - skip
2025-06-08 12:25:01,714 - INFO - Signal hold: Trending - skip
2025-06-08 12:25:39,237 - INFO - Paper trading mode activated
2025-06-08 12:25:39,237 - INFO - Training regime detection model...
2025-06-08 12:25:45,576 - INFO - Regime model trained and saved.
2025-06-08 12:25:45,576 - INFO - Starting initial backtest...
2025-06-08 12:26:01,720 - INFO - Signal hold: Trending - skip
2025-06-08 12:26:05,835 - INFO - Paper trading mode activated
2025-06-08 12:26:05,835 - INFO - Training regime detection model...
2025-06-08 12:26:11,107 - INFO - Regime model trained and saved.
2025-06-08 12:26:11,107 - INFO - Starting initial backtest...
2025-06-08 12:30:12,453 - INFO - Paper trading mode activated
2025-06-08 12:30:12,454 - INFO - Training regime detection model...
2025-06-08 12:30:21,954 - INFO - Regime model trained and saved.
2025-06-08 12:30:21,954 - INFO - Starting initial backtest...
2025-06-08 12:30:50,849 - INFO - Paper trading mode activated
2025-06-08 12:30:50,849 - INFO - Training regime detection model...
2025-06-08 12:31:00,038 - INFO - Regime model trained and saved.
2025-06-08 12:31:00,038 - INFO - Starting initial backtest...
2025-06-08 12:31:36,265 - INFO - Paper trading mode activated
2025-06-08 12:31:36,265 - INFO - Training regime detection model...
2025-06-08 12:31:41,628 - INFO - Regime model trained and saved.
2025-06-08 12:31:41,629 - INFO - Starting initial backtest...
2025-06-08 12:32:57,230 - INFO - Paper trading mode activated
2025-06-08 12:32:57,230 - INFO - Training regime detection model...
2025-06-08 12:33:04,032 - INFO - Regime model trained and saved.
2025-06-08 12:33:04,032 - INFO - Starting initial backtest...
2025-06-08 12:35:13,068 - INFO - Paper trading mode activated
2025-06-08 12:35:13,068 - INFO - Training regime detection model...
2025-06-08 12:35:20,317 - INFO - Regime model trained and saved.
2025-06-08 12:35:20,317 - INFO - Starting initial backtest...
2025-06-08 12:36:03,056 - INFO - Paper trading mode activated
2025-06-08 12:36:03,056 - INFO - Training regime detection model...
2025-06-08 12:36:09,427 - INFO - Regime model trained and saved.
2025-06-08 12:36:09,427 - INFO - Starting initial backtest...
2025-06-08 12:37:00,953 - INFO - Paper trading mode activated
2025-06-08 12:37:00,953 - INFO - Training regime detection model...
2025-06-08 12:37:05,771 - INFO - Regime model trained and saved.
2025-06-08 12:37:05,771 - INFO - Starting initial backtest...
2025-06-08 12:38:03,100 - INFO - Paper trading mode activated
2025-06-08 12:38:03,100 - INFO - Training regime detection model...
2025-06-08 12:38:09,659 - INFO - Regime model trained and saved.
2025-06-08 12:38:09,659 - INFO - Starting initial backtest...
2025-06-08 12:38:32,497 - INFO - Paper trading mode activated
2025-06-08 12:38:32,497 - INFO - Training regime detection model...
2025-06-08 12:38:39,341 - INFO - Regime model trained and saved.
2025-06-08 12:38:39,342 - INFO - Starting initial backtest...
2025-06-08 12:41:13,678 - INFO - Paper trading mode activated
2025-06-08 12:41:13,678 - INFO - Training regime detection model...
2025-06-08 12:41:20,772 - INFO - Regime model trained and saved.
2025-06-08 12:41:20,773 - INFO - Starting initial backtest...
2025-06-08 12:43:12,283 - INFO - Paper trading mode activated
2025-06-08 12:43:12,283 - INFO - Training regime detection model...
2025-06-08 12:43:19,552 - INFO - Regime model trained and saved.
2025-06-08 12:43:19,553 - INFO - Starting initial backtest...
2025-06-08 12:46:02,269 - INFO - Paper trading mode activated
2025-06-08 12:46:02,269 - INFO - Training regime detection model...
2025-06-08 12:46:08,846 - INFO - Regime model trained and saved.
2025-06-08 12:46:08,847 - INFO - Starting initial backtest...
2025-06-08 12:46:22,303 - INFO - Paper trading mode activated
2025-06-08 12:46:22,303 - INFO - Training regime detection model...
2025-06-08 12:46:28,501 - INFO - Regime model trained and saved.
2025-06-08 12:46:28,502 - INFO - Starting initial backtest...
2025-06-08 12:48:42,075 - INFO - Paper trading mode activated
2025-06-08 12:48:42,075 - INFO - Training regime detection model...
2025-06-08 12:48:46,983 - INFO - Regime model trained and saved.
2025-06-08 12:48:46,983 - INFO - Starting initial backtest...
2025-06-08 12:50:02,743 - INFO - Paper trading mode activated
2025-06-08 12:50:02,743 - INFO - Training regime detection model...
2025-06-08 12:50:07,880 - INFO - Regime model trained and saved.
2025-06-08 12:50:07,880 - INFO - Starting initial backtest...
2025-06-08 12:53:43,377 - INFO - Paper trading mode activated
2025-06-08 12:53:43,377 - INFO - Training regime detection model...
2025-06-08 12:53:47,934 - INFO - Regime model trained and saved.
2025-06-08 12:53:47,934 - INFO - Starting initial backtest...
2025-06-08 12:54:48,360 - INFO - Paper trading mode activated
2025-06-08 12:54:48,360 - INFO - Training regime detection model...
2025-06-08 12:54:55,197 - INFO - Regime model trained and saved.
2025-06-08 12:54:55,197 - INFO - Starting initial backtest...
2025-06-08 12:57:42,031 - INFO - Paper trading mode activated
2025-06-08 12:57:42,031 - INFO - Training regime detection model...
2025-06-08 12:57:48,390 - INFO - Regime model trained and saved.
2025-06-08 12:57:48,390 - INFO - Starting initial backtest...
2025-06-08 12:59:37,988 - INFO - Paper trading mode activated
2025-06-08 12:59:37,988 - INFO - Training regime detection model...
2025-06-08 12:59:42,686 - INFO - Regime model trained and saved.
2025-06-08 12:59:42,686 - INFO - Starting initial backtest...
2025-06-08 13:00:01,769 - INFO - Signal hold: No opportunity
2025-06-08 13:00:46,711 - INFO - Paper trading mode activated
2025-06-08 13:00:46,712 - INFO - Training regime detection model...
2025-06-08 13:00:51,536 - INFO - Regime model trained and saved.
2025-06-08 13:00:51,536 - INFO - Starting initial backtest...
2025-06-08 13:02:49,669 - INFO - Paper trading mode activated
2025-06-08 13:02:49,670 - INFO - Training regime detection model...
2025-06-08 13:02:55,998 - INFO - Regime model trained and saved.
2025-06-08 13:02:55,998 - INFO - Starting initial backtest...
2025-06-08 13:03:47,769 - INFO - Paper trading mode activated
2025-06-08 13:03:47,769 - INFO - Training regime detection model...
2025-06-08 13:03:52,549 - INFO - Regime model trained and saved.
2025-06-08 13:03:52,550 - INFO - Starting initial backtest...
2025-06-08 13:04:22,738 - INFO - Paper trading mode activated
2025-06-08 13:04:22,739 - INFO - Training regime detection model...
2025-06-08 13:04:27,756 - INFO - Regime model trained and saved.
2025-06-08 13:04:27,756 - INFO - Starting initial backtest...
2025-06-08 13:05:55,359 - INFO - Paper trading mode activated
2025-06-08 13:05:55,359 - INFO - Training regime detection model...
2025-06-08 13:06:01,388 - INFO - Regime model trained and saved.
2025-06-08 13:06:01,388 - INFO - Starting initial backtest...
2025-06-08 13:07:13,027 - INFO - Paper trading mode activated
2025-06-08 13:07:13,027 - INFO - Training regime detection model...
2025-06-08 13:07:18,001 - INFO - Regime model trained and saved.
2025-06-08 13:07:18,002 - INFO - Starting initial backtest...
2025-06-08 13:08:21,399 - INFO - Paper trading mode activated
2025-06-08 13:08:21,399 - INFO - Training regime detection model...
2025-06-08 13:08:27,516 - INFO - Regime model trained and saved.
2025-06-08 13:08:27,516 - INFO - Starting initial backtest...
2025-06-08 13:08:51,080 - INFO - Paper trading mode activated
2025-06-08 13:08:51,080 - INFO - Training regime detection model...
2025-06-08 13:08:57,767 - INFO - Regime model trained and saved.
2025-06-08 13:08:57,767 - INFO - Starting initial backtest...
2025-06-08 13:09:24,697 - INFO - Paper trading mode activated
2025-06-08 13:09:24,697 - INFO - Training regime detection model...
2025-06-08 13:09:31,524 - INFO - Regime model trained and saved.
2025-06-08 13:09:31,524 - INFO - Starting initial backtest...
2025-06-08 13:10:35,623 - INFO - Paper trading mode activated
2025-06-08 13:10:35,623 - INFO - Training regime detection model...
2025-06-08 13:10:42,344 - INFO - Regime model trained and saved.
2025-06-08 13:10:42,344 - INFO - Starting initial backtest...
2025-06-08 13:11:00,899 - INFO - Paper trading mode activated
2025-06-08 13:11:00,900 - INFO - Training regime detection model...
2025-06-08 13:11:05,784 - INFO - Regime model trained and saved.
2025-06-08 13:11:05,784 - INFO - Starting initial backtest...
2025-06-08 13:15:34,260 - INFO - Paper trading mode activated
2025-06-08 13:15:34,261 - INFO - Training regime detection model...
2025-06-08 13:15:42,257 - INFO - Regime model trained and saved.
2025-06-08 13:15:42,257 - INFO - Starting initial backtest...
2025-06-08 13:17:58,611 - INFO - Paper trading mode activated
2025-06-08 13:17:58,612 - INFO - Training regime detection model...
2025-06-08 13:18:05,842 - INFO - Regime model trained and saved.
2025-06-08 13:18:05,842 - INFO - Starting initial backtest...
2025-06-08 13:19:11,324 - INFO - Paper trading mode activated
2025-06-08 13:19:11,324 - INFO - Training regime detection model...
2025-06-08 13:19:17,686 - INFO - Regime model trained and saved.
2025-06-08 13:19:17,686 - INFO - Starting initial backtest...
2025-06-08 13:20:29,748 - INFO - Paper trading mode activated
2025-06-08 13:20:29,748 - INFO - Training regime detection model...
2025-06-08 13:20:37,467 - INFO - Regime model trained and saved.
2025-06-08 13:20:37,467 - INFO - Starting initial backtest...
2025-06-08 13:23:06,444 - INFO - Paper trading mode activated
2025-06-08 13:23:06,444 - INFO - Training regime detection model...
2025-06-08 13:23:13,227 - INFO - Regime model trained and saved.
2025-06-08 13:23:13,228 - INFO - Starting initial backtest...
2025-06-08 13:24:09,453 - INFO - Paper trading mode activated
2025-06-08 13:24:09,453 - INFO - Training regime detection model...
2025-06-08 13:24:14,130 - INFO - Regime model trained and saved.
2025-06-08 13:24:14,130 - INFO - Starting initial backtest...
2025-06-08 13:28:06,096 - INFO - Paper trading mode activated
2025-06-08 13:28:06,096 - INFO - Training regime detection model...
2025-06-08 13:28:13,104 - INFO - Regime model trained and saved.
2025-06-08 13:28:13,104 - INFO - Starting initial backtest...
2025-06-08 13:28:33,132 - INFO - Paper trading mode activated
2025-06-08 13:28:33,133 - INFO - Training regime detection model...
2025-06-08 13:28:40,306 - INFO - Regime model trained and saved.
2025-06-08 13:28:40,306 - INFO - Starting initial backtest...
2025-06-08 13:29:49,664 - INFO - Paper trading mode activated
2025-06-08 13:29:49,664 - INFO - Starting trading bot
2025-06-08 13:29:54,272 - INFO - Regime model trained successfully
2025-06-08 13:29:54,273 - INFO - Sleeping for 1810.7 seconds until next candle
2025-06-08 13:31:11,807 - INFO - Bot stopped by user
2025-06-08 13:31:14,313 - INFO - Paper trading mode activated
2025-06-08 13:31:14,313 - INFO - Starting trading bot
2025-06-08 13:31:18,083 - INFO - Regime model trained successfully
2025-06-08 13:31:18,084 - INFO - Sleeping for 46.9 seconds until next candle
2025-06-08 13:32:05,000 - INFO - Fetching new data
2025-06-08 13:32:05,491 - ERROR - Error in main loop: Length of values (100) does not match length of index (471)
